[2026-03-17 22:54:22] Rozpoczynam masową ingestję dla 355 powiatów.
[2026-03-17 22:54:22] [START] Pobieranie: powiat Warszawa (1465)...
[2026-03-17 22:54:22] [START] Pobieranie: powiat poznański (3021)...
[2026-03-17 22:54:22] [START] Pobieranie: powiat Kraków (1261)...
[2026-03-17 22:54:22] [START] Pobieranie: powiat Wrocław (0264)...
[2026-03-17 22:54:22] [START] Pobieranie: powiat Poznań (3064)...
[2026-03-17 22:54:22] [START] Pobieranie: powiat Gdańsk (2261)...
[2026-03-17 22:54:22] [START] Pobieranie: powiat krakowski (1206)...
[2026-03-17 22:54:22] [START] Pobieranie: powiat Łódź (1061)...
[2026-03-17 22:54:22] [START] Pobieranie: powiat piaseczyński (1418)...
[2026-03-17 22:54:22] [START] Pobieranie: powiat rzeszowski (1816)...
[2026-03-17 22:54:26] [EMPTY] powiat Łódź (1061) - brak danych w tym okresie.
[2026-03-17 22:54:26] [START] Pobieranie: powiat olsztyński (2814)...
[2026-03-17 22:54:27] [SUCCESS] powiat krakowski (1206) - pobrano 1 paczek.
[2026-03-17 22:54:27] [START] Pobieranie: powiat wołomiński (1434)...
[2026-03-17 22:54:27] [SUCCESS] powiat rzeszowski (1816) - pobrano 1 paczek.
[2026-03-17 22:54:27] [START] Pobieranie: powiat Gdynia (2262)...
[2026-03-17 22:54:28] [SUCCESS] powiat piaseczyński (1418) - pobrano 1 paczek.
[2026-03-17 22:54:28] [START] Pobieranie: powiat Szczecin (3262)...
[2026-03-17 22:54:30] [SUCCESS] powiat Wrocław (0264) - pobrano 2 paczek.
[2026-03-17 22:54:30] [START] Pobieranie: powiat warszawski zachodni (1432)...
[2026-03-17 22:54:31] [SUCCESS] powiat poznański (3021) - pobrano 2 paczek.
[2026-03-17 22:54:31] [START] Pobieranie: powiat wrocławski (0223)...
[2026-03-17 22:54:32] [SUCCESS] powiat Szczecin (3262) - pobrano 1 paczek.
[2026-03-17 22:54:32] [START] Pobieranie: powiat będziński (2401)...
[2026-03-17 22:54:32] [SUCCESS] powiat olsztyński (2814) - pobrano 1 paczek.
[2026-03-17 22:54:32] [START] Pobieranie: powiat Bydgoszcz (0461)...
[2026-03-17 22:54:32] [EMPTY] powiat wołomiński (1434) - brak danych w tym okresie.
[2026-03-17 22:54:32] [START] Pobieranie: powiat Rzeszów (1863)...
[2026-03-17 22:54:33] [SUCCESS] powiat Gdynia (2262) - pobrano 1 paczek.
[2026-03-17 22:54:33] [START] Pobieranie: powiat białostocki (2002)...
[2026-03-17 22:54:34] [SUCCESS] powiat warszawski zachodni (1432) - pobrano 1 paczek.
[2026-03-17 22:54:34] [START] Pobieranie: powiat wejherowski (2215)...
[2026-03-17 22:54:35] [SUCCESS] powiat Gdańsk (2261) - pobrano 3 paczek.
[2026-03-17 22:54:35] [START] Pobieranie: powiat Lublin (0663)...
[2026-03-17 22:54:37] [EMPTY] powiat Bydgoszcz (0461) - brak danych w tym okresie.
[2026-03-17 22:54:37] [START] Pobieranie: powiat pruszkowski (1421)...
[2026-03-17 22:54:38] [EMPTY] powiat białostocki (2002) - brak danych w tym okresie.
[2026-03-17 22:54:38] [START] Pobieranie: powiat Białystok (2061)...
[2026-03-17 22:54:38] [SUCCESS] powiat będziński (2401) - pobrano 1 paczek.
[2026-03-17 22:54:38] [START] Pobieranie: powiat Katowice (2469)...
[2026-03-17 22:54:38] [SUCCESS] powiat wrocławski (0223) - pobrano 1 paczek.
[2026-03-17 22:54:38] [START] Pobieranie: powiat Częstochowa (2464)...
[2026-03-17 22:54:39] [SUCCESS] powiat wejherowski (2215) - pobrano 1 paczek.
[2026-03-17 22:54:39] [START] Pobieranie: powiat grodziski (1405)...
[2026-03-17 22:54:40] [SUCCESS] powiat Rzeszów (1863) - pobrano 1 paczek.
[2026-03-17 22:54:40] [START] Pobieranie: powiat legionowski (1408)...
[2026-03-17 22:54:40] [SUCCESS] powiat pruszkowski (1421) - pobrano 1 paczek.
[2026-03-17 22:54:40] [START] Pobieranie: powiat kielecki (2604)...
[2026-03-17 22:54:41] [SUCCESS] powiat Poznań (3064) - pobrano 3 paczek.
[2026-03-17 22:54:41] [START] Pobieranie: powiat Kielce (2661)...
[2026-03-17 22:54:42] [SUCCESS] powiat grodziski (1405) - pobrano 1 paczek.
[2026-03-17 22:54:42] [START] Pobieranie: powiat tarnogórski (2413)...
[2026-03-17 22:54:42] [SUCCESS] powiat Kraków (1261) - pobrano 4 paczek.
[2026-03-17 22:54:42] [START] Pobieranie: powiat Toruń (0463)...
[2026-03-17 22:54:44] [SUCCESS] powiat Białystok (2061) - pobrano 1 paczek.
[2026-03-17 22:54:44] [START] Pobieranie: powiat Olsztyn (2862)...
[2026-03-17 22:54:44] [SUCCESS] powiat Częstochowa (2464) - pobrano 1 paczek.
[2026-03-17 22:54:44] [START] Pobieranie: powiat Radom (1463)...
[2026-03-17 22:54:44] [SUCCESS] powiat tarnogórski (2413) - pobrano 1 paczek.
[2026-03-17 22:54:44] [START] Pobieranie: powiat Sosnowiec (2475)...
[2026-03-17 22:54:44] [SUCCESS] powiat kielecki (2604) - pobrano 1 paczek.
[2026-03-17 22:54:44] [START] Pobieranie: powiat Opole (1661)...
[2026-03-17 22:54:44] [SUCCESS] powiat Lublin (0663) - pobrano 2 paczek.
[2026-03-17 22:54:44] [START] Pobieranie: powiat średzki (3025)...
[2026-03-17 22:54:44] [SUCCESS] powiat Kielce (2661) - pobrano 1 paczek.
[2026-03-17 22:54:44] [START] Pobieranie: powiat Dąbrowa Górnicza (2465)...
[2026-03-17 22:54:45] [SUCCESS] powiat legionowski (1408) - pobrano 1 paczek.
[2026-03-17 22:54:45] [START] Pobieranie: powiat gliwicki (2405)...
[2026-03-17 22:54:46] [SUCCESS] powiat Toruń (0463) - pobrano 1 paczek.
[2026-03-17 22:54:46] [START] Pobieranie: powiat Rybnik (2473)...
[2026-03-17 22:54:46] [SUCCESS] powiat Katowice (2469) - pobrano 2 paczek.
[2026-03-17 22:54:46] [START] Pobieranie: powiat Gliwice (2466)...
[2026-03-17 22:54:47] [SUCCESS] powiat Radom (1463) - pobrano 1 paczek.
[2026-03-17 22:54:47] [START] Pobieranie: powiat otwocki (1417)...
[2026-03-17 22:54:47] [SUCCESS] powiat Olsztyn (2862) - pobrano 1 paczek.
[2026-03-17 22:54:47] [START] Pobieranie: powiat lubelski (0609)...
[2026-03-17 22:54:47] [SUCCESS] powiat Sosnowiec (2475) - pobrano 1 paczek.
[2026-03-17 22:54:47] [START] Pobieranie: powiat Tychy (2477)...
[2026-03-17 22:54:48] [SUCCESS] powiat Rybnik (2473) - pobrano 1 paczek.
[2026-03-17 22:54:48] [START] Pobieranie: powiat oleśnicki (0214)...
[2026-03-17 22:54:49] [SUCCESS] powiat Opole (1661) - pobrano 1 paczek.
[2026-03-17 22:54:49] [START] Pobieranie: powiat Gorzów Wielkopolski (0861)...
[2026-03-17 22:54:49] [SUCCESS] powiat Gliwice (2466) - pobrano 1 paczek.
[2026-03-17 22:54:49] [START] Pobieranie: powiat wielicki (1219)...
[2026-03-17 22:54:49] [SUCCESS] powiat średzki (3025) - pobrano 1 paczek.
[2026-03-17 22:54:49] [START] Pobieranie: powiat mikołowski (2408)...
[2026-03-17 22:54:49] [SUCCESS] powiat otwocki (1417) - pobrano 1 paczek.
[2026-03-17 22:54:49] [START] Pobieranie: powiat Zabrze (2478)...
[2026-03-17 22:54:50] [SUCCESS] powiat Dąbrowa Górnicza (2465) - pobrano 1 paczek.
[2026-03-17 22:54:50] [START] Pobieranie: powiat ełcki (2805)...
[2026-03-17 22:54:50] [SUCCESS] powiat gliwicki (2405) - pobrano 1 paczek.
[2026-03-17 22:54:50] [START] Pobieranie: powiat wodzisławski (2415)...
[2026-03-17 22:54:51] [SUCCESS] powiat Tychy (2477) - pobrano 1 paczek.
[2026-03-17 22:54:51] [START] Pobieranie: powiat bydgoski (0403)...
[2026-03-17 22:54:51] [SUCCESS] powiat oleśnicki (0214) - pobrano 1 paczek.
[2026-03-17 22:54:51] [START] Pobieranie: powiat Bytom (2462)...
[2026-03-17 22:54:52] [SUCCESS] powiat lubelski (0609) - pobrano 1 paczek.
[2026-03-17 22:54:52] [START] Pobieranie: powiat miński (1412)...
[2026-03-17 22:54:52] [SUCCESS] powiat Gorzów Wielkopolski (0861) - pobrano 1 paczek.
[2026-03-17 22:54:52] [START] Pobieranie: powiat bieruńsko-lędziński (2414)...
[2026-03-17 22:54:53] [SUCCESS] powiat wielicki (1219) - pobrano 1 paczek.
[2026-03-17 22:54:53] [START] Pobieranie: powiat toruński (0415)...
[2026-03-17 22:54:53] [SUCCESS] powiat bydgoski (0403) - pobrano 1 paczek.
[2026-03-17 22:54:53] [START] Pobieranie: powiat łódzki wschodni (1006)...
[2026-03-17 22:54:53] [EMPTY] powiat wodzisławski (2415) - brak danych w tym okresie.
[2026-03-17 22:54:53] [START] Pobieranie: powiat rybnicki (2412)...
[2026-03-17 22:54:54] [SUCCESS] powiat ełcki (2805) - pobrano 1 paczek.
[2026-03-17 22:54:54] [START] Pobieranie: powiat Elbląg (2861)...
[2026-03-17 22:54:54] [SUCCESS] powiat Bytom (2462) - pobrano 1 paczek.
[2026-03-17 22:54:54] [START] Pobieranie: powiat gdański (2204)...
[2026-03-17 22:54:54] [SUCCESS] powiat mikołowski (2408) - pobrano 1 paczek.
[2026-03-17 22:54:54] [START] Pobieranie: powiat policki (3211)...
[2026-03-17 22:54:54] [SUCCESS] powiat Zabrze (2478) - pobrano 1 paczek.
[2026-03-17 22:54:54] [START] Pobieranie: powiat Sopot (2264)...
[2026-03-17 22:54:54] [SUCCESS] powiat miński (1412) - pobrano 1 paczek.
[2026-03-17 22:54:54] [START] Pobieranie: powiat ostródzki (2815)...
[2026-03-17 22:54:54] [SUCCESS] powiat łódzki wschodni (1006) - pobrano 1 paczek.
[2026-03-17 22:54:54] [START] Pobieranie: powiat Ruda Śląska (2472)...
[2026-03-17 22:54:56] [SUCCESS] powiat bieruńsko-lędziński (2414) - pobrano 1 paczek.
[2026-03-17 22:54:56] [START] Pobieranie: powiat pucki (2211)...
[2026-03-17 22:54:57] [SUCCESS] powiat toruński (0415) - pobrano 1 paczek.
[2026-03-17 22:54:57] [START] Pobieranie: powiat kartuski (2205)...
[2026-03-17 22:54:57] [EMPTY] powiat policki (3211) - brak danych w tym okresie.
[2026-03-17 22:54:57] [START] Pobieranie: powiat Mysłowice (2470)...
[2026-03-17 22:54:58] [SUCCESS] powiat rybnicki (2412) - pobrano 1 paczek.
[2026-03-17 22:54:58] [START] Pobieranie: powiat pabianicki (1008)...
[2026-03-17 22:54:59] [SUCCESS] powiat gdański (2204) - pobrano 1 paczek.
[2026-03-17 22:54:59] [START] Pobieranie: powiat Suwałki (2063)...
[2026-03-17 22:54:59] [SUCCESS] powiat Sopot (2264) - pobrano 1 paczek.
[2026-03-17 22:54:59] [START] Pobieranie: powiat kutnowski (1002)...
[2026-03-17 22:54:59] [SUCCESS] powiat Elbląg (2861) - pobrano 1 paczek.
[2026-03-17 22:54:59] [START] Pobieranie: powiat pszczyński (2410)...
[2026-03-17 22:54:59] [SUCCESS] powiat Ruda Śląska (2472) - pobrano 1 paczek.
[2026-03-17 22:54:59] [START] Pobieranie: powiat Chorzów (2463)...
[2026-03-17 22:54:59] [SUCCESS] powiat ostródzki (2815) - pobrano 1 paczek.
[2026-03-17 22:54:59] [START] Pobieranie: powiat nowodworski (1414)...
[2026-03-17 22:55:00] [SUCCESS] powiat pucki (2211) - pobrano 1 paczek.
[2026-03-17 22:55:00] [START] Pobieranie: powiat Przemyśl (1862)...
[2026-03-17 22:55:00] [SUCCESS] powiat kartuski (2205) - pobrano 1 paczek.
[2026-03-17 22:55:00] [START] Pobieranie: powiat zgierski (1020)...
[2026-03-17 22:55:01] [EMPTY] powiat Suwałki (2063) - brak danych w tym okresie.
[2026-03-17 22:55:01] [START] Pobieranie: powiat mrągowski (2810)...
[2026-03-17 22:55:02] [SUCCESS] powiat Mysłowice (2470) - pobrano 1 paczek.
[2026-03-17 22:55:02] [START] Pobieranie: powiat kościański (3011)...
[2026-03-17 22:55:03] [SUCCESS] powiat pabianicki (1008) - pobrano 1 paczek.
[2026-03-17 22:55:03] [START] Pobieranie: powiat Legnica (0262)...
[2026-03-17 22:55:03] [SUCCESS] powiat pszczyński (2410) - pobrano 1 paczek.
[2026-03-17 22:55:03] [START] Pobieranie: powiat średzki (0218)...
[2026-03-17 22:55:03] [SUCCESS] powiat kutnowski (1002) - pobrano 1 paczek.
[2026-03-17 22:55:03] [START] Pobieranie: powiat śremski (3026)...
[2026-03-17 22:55:03] [SUCCESS] powiat mrągowski (2810) - pobrano 1 paczek.
[2026-03-17 22:55:03] [START] Pobieranie: powiat Żory (2479)...
[2026-03-17 22:55:04] [SUCCESS] powiat nowodworski (1414) - pobrano 1 paczek.
[2026-03-17 22:55:04] [START] Pobieranie: powiat Świnoujście (3263)...
[2026-03-17 22:55:04] [SUCCESS] powiat Chorzów (2463) - pobrano 1 paczek.
[2026-03-17 22:55:04] [START] Pobieranie: powiat Jastrzębie-Zdrój (2467)...
[2026-03-17 22:55:04] [SUCCESS] powiat Przemyśl (1862) - pobrano 1 paczek.
[2026-03-17 22:55:04] [START] Pobieranie: powiat Leszno (3063)...
[2026-03-17 22:55:05] [SUCCESS] powiat Warszawa (1465) - pobrano 7 paczek.
[2026-03-17 22:55:05] [START] Pobieranie: powiat goleniowski (3204)...
[2026-03-17 22:55:05] [SUCCESS] powiat zgierski (1020) - pobrano 1 paczek.
[2026-03-17 22:55:05] [START] Pobieranie: powiat nowotomyski (3015)...
[2026-03-17 22:55:05] [SUCCESS] powiat kościański (3011) - pobrano 1 paczek.
[2026-03-17 22:55:05] [START] Pobieranie: powiat szamotulski (3024)...
[2026-03-17 22:55:06] [SUCCESS] powiat średzki (0218) - pobrano 1 paczek.
[2026-03-17 22:55:06] [START] Pobieranie: powiat częstochowski (2404)...
[2026-03-17 22:55:06] [SUCCESS] powiat śremski (3026) - pobrano 1 paczek.
[2026-03-17 22:55:06] [START] Pobieranie: powiat tomaszowski (1016)...
[2026-03-17 22:55:07] [EMPTY] powiat goleniowski (3204) - brak danych w tym okresie.
[2026-03-17 22:55:07] [START] Pobieranie: powiat radomski (1425)...
[2026-03-17 22:55:07] [SUCCESS] powiat Leszno (3063) - pobrano 1 paczek.
[2026-03-17 22:55:07] [START] Pobieranie: powiat Łomża (2062)...
[2026-03-17 22:55:07] [SUCCESS] powiat Żory (2479) - pobrano 1 paczek.
[2026-03-17 22:55:07] [START] Pobieranie: powiat legnicki (0209)...
[2026-03-17 22:55:08] [SUCCESS] powiat nowotomyski (3015) - pobrano 1 paczek.
[2026-03-17 22:55:08] [START] Pobieranie: powiat giżycki (2806)...
